0 info it worked if it ends with ok
1 verbose cli [ '/usr/local/bin/node',
1 verbose cli   '/usr/local/bin/npm',
1 verbose cli   'i',
1 verbose cli   '--save-dev',
1 verbose cli   'eslint-config-standard@latest',
1 verbose cli   'eslint@latest' ]
2 info using npm@3.10.10
3 info using node@v6.11.3
4 silly loadCurrentTree Starting
5 silly install loadCurrentTree
6 silly install readLocalPackageData
7 silly fetchPackageMetaData eslint-config-standard@latest
8 silly fetchPackageMetaData eslint@latest
9 silly fetchNamedPackageData eslint-config-standard
10 silly mapToRegistry name eslint-config-standard
11 silly mapToRegistry using default registry
12 silly mapToRegistry registry http://npm.odinr.com/
13 silly mapToRegistry data Result {
13 silly mapToRegistry   raw: 'eslint-config-standard',
13 silly mapToRegistry   scope: null,
13 silly mapToRegistry   escapedName: 'eslint-config-standard',
13 silly mapToRegistry   name: 'eslint-config-standard',
13 silly mapToRegistry   rawSpec: '',
13 silly mapToRegistry   spec: 'latest',
13 silly mapToRegistry   type: 'tag' }
14 silly mapToRegistry uri http://npm.odinr.com/eslint-config-standard
15 silly fetchNamedPackageData eslint
16 silly mapToRegistry name eslint
17 silly mapToRegistry using default registry
18 silly mapToRegistry registry http://npm.odinr.com/
19 silly mapToRegistry data Result {
19 silly mapToRegistry   raw: 'eslint',
19 silly mapToRegistry   scope: null,
19 silly mapToRegistry   escapedName: 'eslint',
19 silly mapToRegistry   name: 'eslint',
19 silly mapToRegistry   rawSpec: '',
19 silly mapToRegistry   spec: 'latest',
19 silly mapToRegistry   type: 'tag' }
20 silly mapToRegistry uri http://npm.odinr.com/eslint
21 verbose request uri http://npm.odinr.com/eslint-config-standard
22 verbose request no auth needed
23 info attempt registry request try #1 at 5:28:05 PM
24 verbose request id a37043b0907cf1fc
25 http request GET http://npm.odinr.com/eslint-config-standard
26 verbose request uri http://npm.odinr.com/eslint
27 verbose request no auth needed
28 info attempt registry request try #1 at 5:28:05 PM
29 http request GET http://npm.odinr.com/eslint
30 http 502 http://npm.odinr.com/eslint-config-standard
31 verbose bad json <html>
31 verbose bad json <head><title>502 Bad Gateway</title></head>
31 verbose bad json <body bgcolor="white">
31 verbose bad json <center><h1>502 Bad Gateway</h1></center>
31 verbose bad json <hr><center>nginx/1.10.1</center>
31 verbose bad json </body>
31 verbose bad json </html>
32 error registry error parsing json
33 verbose headers { server: 'nginx/1.10.1',
33 verbose headers   date: 'Tue, 19 Dec 2017 09:28:05 GMT',
33 verbose headers   'content-type': 'text/html',
33 verbose headers   'content-length': '173',
33 verbose headers   connection: 'keep-alive' }
34 info retry will retry, error on last attempt: SyntaxError: Unexpected token < in JSON at position 0
34 info retry <html>
34 info retry <head><title>502 Bad Gateway</title></head>
34 info retry <body bgcolor="white">
34 info retry <center><h1>502 Bad Gateway</h1></center>
34 info retry <hr><center>nginx/1.10.1</center>
34 info retry </body>
34 info retry </html>
35 http 502 http://npm.odinr.com/eslint
36 verbose bad json <html>
36 verbose bad json <head><title>502 Bad Gateway</title></head>
36 verbose bad json <body bgcolor="white">
36 verbose bad json <center><h1>502 Bad Gateway</h1></center>
36 verbose bad json <hr><center>nginx/1.10.1</center>
36 verbose bad json </body>
36 verbose bad json </html>
37 error registry error parsing json
38 verbose headers { server: 'nginx/1.10.1',
38 verbose headers   date: 'Tue, 19 Dec 2017 09:28:05 GMT',
38 verbose headers   'content-type': 'text/html',
38 verbose headers   'content-length': '173',
38 verbose headers   connection: 'keep-alive' }
39 info retry will retry, error on last attempt: SyntaxError: Unexpected token < in JSON at position 0
39 info retry <html>
39 info retry <head><title>502 Bad Gateway</title></head>
39 info retry <body bgcolor="white">
39 info retry <center><h1>502 Bad Gateway</h1></center>
39 info retry <hr><center>nginx/1.10.1</center>
39 info retry </body>
39 info retry </html>
40 info attempt registry request try #2 at 5:28:15 PM
41 http request GET http://npm.odinr.com/eslint-config-standard
42 info attempt registry request try #2 at 5:28:15 PM
43 http request GET http://npm.odinr.com/eslint
44 http 502 http://npm.odinr.com/eslint-config-standard
45 verbose bad json <html>
45 verbose bad json <head><title>502 Bad Gateway</title></head>
45 verbose bad json <body bgcolor="white">
45 verbose bad json <center><h1>502 Bad Gateway</h1></center>
45 verbose bad json <hr><center>nginx/1.10.1</center>
45 verbose bad json </body>
45 verbose bad json </html>
46 error registry error parsing json
47 verbose headers { server: 'nginx/1.10.1',
47 verbose headers   date: 'Tue, 19 Dec 2017 09:28:15 GMT',
47 verbose headers   'content-type': 'text/html',
47 verbose headers   'content-length': '173',
47 verbose headers   connection: 'keep-alive' }
48 info retry will retry, error on last attempt: SyntaxError: Unexpected token < in JSON at position 0
48 info retry <html>
48 info retry <head><title>502 Bad Gateway</title></head>
48 info retry <body bgcolor="white">
48 info retry <center><h1>502 Bad Gateway</h1></center>
48 info retry <hr><center>nginx/1.10.1</center>
48 info retry </body>
48 info retry </html>
49 http 502 http://npm.odinr.com/eslint
50 verbose bad json <html>
50 verbose bad json <head><title>502 Bad Gateway</title></head>
50 verbose bad json <body bgcolor="white">
50 verbose bad json <center><h1>502 Bad Gateway</h1></center>
50 verbose bad json <hr><center>nginx/1.10.1</center>
50 verbose bad json </body>
50 verbose bad json </html>
51 error registry error parsing json
52 verbose headers { server: 'nginx/1.10.1',
52 verbose headers   date: 'Tue, 19 Dec 2017 09:28:15 GMT',
52 verbose headers   'content-type': 'text/html',
52 verbose headers   'content-length': '173',
52 verbose headers   connection: 'keep-alive' }
53 info retry will retry, error on last attempt: SyntaxError: Unexpected token < in JSON at position 0
53 info retry <html>
53 info retry <head><title>502 Bad Gateway</title></head>
53 info retry <body bgcolor="white">
53 info retry <center><h1>502 Bad Gateway</h1></center>
53 info retry <hr><center>nginx/1.10.1</center>
53 info retry </body>
53 info retry </html>
54 info attempt registry request try #3 at 5:29:15 PM
55 http request GET http://npm.odinr.com/eslint-config-standard
56 info attempt registry request try #3 at 5:29:15 PM
57 http request GET http://npm.odinr.com/eslint
58 http 502 http://npm.odinr.com/eslint
59 verbose bad json <html>
59 verbose bad json <head><title>502 Bad Gateway</title></head>
59 verbose bad json <body bgcolor="white">
59 verbose bad json <center><h1>502 Bad Gateway</h1></center>
59 verbose bad json <hr><center>nginx/1.10.1</center>
59 verbose bad json </body>
59 verbose bad json </html>
60 error registry error parsing json
61 verbose headers { server: 'nginx/1.10.1',
61 verbose headers   date: 'Tue, 19 Dec 2017 09:29:15 GMT',
61 verbose headers   'content-type': 'text/html',
61 verbose headers   'content-length': '173',
61 verbose headers   connection: 'keep-alive' }
62 silly get cb [ 502,
62 silly get   { server: 'nginx/1.10.1',
62 silly get     date: 'Tue, 19 Dec 2017 09:29:15 GMT',
62 silly get     'content-type': 'text/html',
62 silly get     'content-length': '173',
62 silly get     connection: 'keep-alive' } ]
63 silly fetchPackageMetaData SyntaxError: Unexpected token < in JSON at position 0
63 silly fetchPackageMetaData <html>
63 silly fetchPackageMetaData <head><title>502 Bad Gateway</title></head>
63 silly fetchPackageMetaData <body bgcolor="white">
63 silly fetchPackageMetaData <center><h1>502 Bad Gateway</h1></center>
63 silly fetchPackageMetaData <hr><center>nginx/1.10.1</center>
63 silly fetchPackageMetaData </body>
63 silly fetchPackageMetaData </html>
63 silly fetchPackageMetaData
63 silly fetchPackageMetaData     at Object.parse (native)
63 silly fetchPackageMetaData     at CachingRegistryClient.<anonymous> (/usr/local/lib/node_modules/npm/node_modules/npm-registry-client/lib/request.js:237:23)
63 silly fetchPackageMetaData     at Request._callback (/usr/local/lib/node_modules/npm/node_modules/npm-registry-client/lib/request.js:210:14)
63 silly fetchPackageMetaData     at Request.self.callback (/usr/local/lib/node_modules/npm/node_modules/request/request.js:187:22)
63 silly fetchPackageMetaData     at emitTwo (events.js:106:13)
63 silly fetchPackageMetaData     at Request.emit (events.js:191:7)
63 silly fetchPackageMetaData     at Request.<anonymous> (/usr/local/lib/node_modules/npm/node_modules/request/request.js:1048:10)
63 silly fetchPackageMetaData     at emitOne (events.js:96:13)
63 silly fetchPackageMetaData     at Request.emit (events.js:188:7)
63 silly fetchPackageMetaData     at IncomingMessage.<anonymous> (/usr/local/lib/node_modules/npm/node_modules/request/request.js:969:12)
63 silly fetchPackageMetaData  error for eslint@latest SyntaxError: Unexpected token < in JSON at position 0
63 silly fetchPackageMetaData <html>
63 silly fetchPackageMetaData <head><title>502 Bad Gateway</title></head>
63 silly fetchPackageMetaData <body bgcolor="white">
63 silly fetchPackageMetaData <center><h1>502 Bad Gateway</h1></center>
63 silly fetchPackageMetaData <hr><center>nginx/1.10.1</center>
63 silly fetchPackageMetaData </body>
63 silly fetchPackageMetaData </html>
63 silly fetchPackageMetaData
63 silly fetchPackageMetaData     at Object.parse (native)
63 silly fetchPackageMetaData     at CachingRegistryClient.<anonymous> (/usr/local/lib/node_modules/npm/node_modules/npm-registry-client/lib/request.js:237:23)
63 silly fetchPackageMetaData     at Request._callback (/usr/local/lib/node_modules/npm/node_modules/npm-registry-client/lib/request.js:210:14)
63 silly fetchPackageMetaData     at Request.self.callback (/usr/local/lib/node_modules/npm/node_modules/request/request.js:187:22)
63 silly fetchPackageMetaData     at emitTwo (events.js:106:13)
63 silly fetchPackageMetaData     at Request.emit (events.js:191:7)
63 silly fetchPackageMetaData     at Request.<anonymous> (/usr/local/lib/node_modules/npm/node_modules/request/request.js:1048:10)
63 silly fetchPackageMetaData     at emitOne (events.js:96:13)
63 silly fetchPackageMetaData     at Request.emit (events.js:188:7)
63 silly fetchPackageMetaData     at IncomingMessage.<anonymous> (/usr/local/lib/node_modules/npm/node_modules/request/request.js:969:12)
64 http 502 http://npm.odinr.com/eslint-config-standard
65 verbose bad json <html>
65 verbose bad json <head><title>502 Bad Gateway</title></head>
65 verbose bad json <body bgcolor="white">
65 verbose bad json <center><h1>502 Bad Gateway</h1></center>
65 verbose bad json <hr><center>nginx/1.10.1</center>
65 verbose bad json </body>
65 verbose bad json </html>
66 error registry error parsing json
67 verbose headers { server: 'nginx/1.10.1',
67 verbose headers   date: 'Tue, 19 Dec 2017 09:29:15 GMT',
67 verbose headers   'content-type': 'text/html',
67 verbose headers   'content-length': '173',
67 verbose headers   connection: 'keep-alive' }
68 silly get cb [ 502,
68 silly get   { server: 'nginx/1.10.1',
68 silly get     date: 'Tue, 19 Dec 2017 09:29:15 GMT',
68 silly get     'content-type': 'text/html',
68 silly get     'content-length': '173',
68 silly get     connection: 'keep-alive' } ]
69 silly fetchPackageMetaData SyntaxError: Unexpected token < in JSON at position 0
69 silly fetchPackageMetaData <html>
69 silly fetchPackageMetaData <head><title>502 Bad Gateway</title></head>
69 silly fetchPackageMetaData <body bgcolor="white">
69 silly fetchPackageMetaData <center><h1>502 Bad Gateway</h1></center>
69 silly fetchPackageMetaData <hr><center>nginx/1.10.1</center>
69 silly fetchPackageMetaData </body>
69 silly fetchPackageMetaData </html>
69 silly fetchPackageMetaData
69 silly fetchPackageMetaData     at Object.parse (native)
69 silly fetchPackageMetaData     at CachingRegistryClient.<anonymous> (/usr/local/lib/node_modules/npm/node_modules/npm-registry-client/lib/request.js:237:23)
69 silly fetchPackageMetaData     at Request._callback (/usr/local/lib/node_modules/npm/node_modules/npm-registry-client/lib/request.js:210:14)
69 silly fetchPackageMetaData     at Request.self.callback (/usr/local/lib/node_modules/npm/node_modules/request/request.js:187:22)
69 silly fetchPackageMetaData     at emitTwo (events.js:106:13)
69 silly fetchPackageMetaData     at Request.emit (events.js:191:7)
69 silly fetchPackageMetaData     at Request.<anonymous> (/usr/local/lib/node_modules/npm/node_modules/request/request.js:1048:10)
69 silly fetchPackageMetaData     at emitOne (events.js:96:13)
69 silly fetchPackageMetaData     at Request.emit (events.js:188:7)
69 silly fetchPackageMetaData     at IncomingMessage.<anonymous> (/usr/local/lib/node_modules/npm/node_modules/request/request.js:969:12)
69 silly fetchPackageMetaData  error for eslint-config-standard@latest SyntaxError: Unexpected token < in JSON at position 0
69 silly fetchPackageMetaData <html>
69 silly fetchPackageMetaData <head><title>502 Bad Gateway</title></head>
69 silly fetchPackageMetaData <body bgcolor="white">
69 silly fetchPackageMetaData <center><h1>502 Bad Gateway</h1></center>
69 silly fetchPackageMetaData <hr><center>nginx/1.10.1</center>
69 silly fetchPackageMetaData </body>
69 silly fetchPackageMetaData </html>
69 silly fetchPackageMetaData
69 silly fetchPackageMetaData     at Object.parse (native)
69 silly fetchPackageMetaData     at CachingRegistryClient.<anonymous> (/usr/local/lib/node_modules/npm/node_modules/npm-registry-client/lib/request.js:237:23)
69 silly fetchPackageMetaData     at Request._callback (/usr/local/lib/node_modules/npm/node_modules/npm-registry-client/lib/request.js:210:14)
69 silly fetchPackageMetaData     at Request.self.callback (/usr/local/lib/node_modules/npm/node_modules/request/request.js:187:22)
69 silly fetchPackageMetaData     at emitTwo (events.js:106:13)
69 silly fetchPackageMetaData     at Request.emit (events.js:191:7)
69 silly fetchPackageMetaData     at Request.<anonymous> (/usr/local/lib/node_modules/npm/node_modules/request/request.js:1048:10)
69 silly fetchPackageMetaData     at emitOne (events.js:96:13)
69 silly fetchPackageMetaData     at Request.emit (events.js:188:7)
69 silly fetchPackageMetaData     at IncomingMessage.<anonymous> (/usr/local/lib/node_modules/npm/node_modules/request/request.js:969:12)
70 silly rollbackFailedOptional Starting
71 silly rollbackFailedOptional Finishing
72 silly runTopLevelLifecycles Finishing
73 silly install printInstalled
74 verbose stack SyntaxError: Unexpected token < in JSON at position 0
74 verbose stack <html>
74 verbose stack <head><title>502 Bad Gateway</title></head>
74 verbose stack <body bgcolor="white">
74 verbose stack <center><h1>502 Bad Gateway</h1></center>
74 verbose stack <hr><center>nginx/1.10.1</center>
74 verbose stack </body>
74 verbose stack </html>
74 verbose stack
74 verbose stack     at Object.parse (native)
74 verbose stack     at CachingRegistryClient.<anonymous> (/usr/local/lib/node_modules/npm/node_modules/npm-registry-client/lib/request.js:237:23)
74 verbose stack     at Request._callback (/usr/local/lib/node_modules/npm/node_modules/npm-registry-client/lib/request.js:210:14)
74 verbose stack     at Request.self.callback (/usr/local/lib/node_modules/npm/node_modules/request/request.js:187:22)
74 verbose stack     at emitTwo (events.js:106:13)
74 verbose stack     at Request.emit (events.js:191:7)
74 verbose stack     at Request.<anonymous> (/usr/local/lib/node_modules/npm/node_modules/request/request.js:1048:10)
74 verbose stack     at emitOne (events.js:96:13)
74 verbose stack     at Request.emit (events.js:188:7)
74 verbose stack     at IncomingMessage.<anonymous> (/usr/local/lib/node_modules/npm/node_modules/request/request.js:969:12)
75 verbose cwd /Users/wangxiaoyu/exercise/taskRunner
76 error Darwin 17.0.0
77 error argv "/usr/local/bin/node" "/usr/local/bin/npm" "i" "--save-dev" "eslint-config-standard@latest" "eslint@latest"
78 error node v6.11.3
79 error npm  v3.10.10
80 error Unexpected token < in JSON at position 0
80 error <html>
80 error <head><title>502 Bad Gateway</title></head>
80 error <body bgcolor="white">
80 error <center><h1>502 Bad Gateway</h1></center>
80 error <hr><center>nginx/1.10.1</center>
80 error </body>
80 error </html>
81 error If you need help, you may report this error at:
81 error     <https://github.com/npm/npm/issues>
82 verbose exit [ 1, true ]
